<?xml version="1.0" encoding="UTF-8"?>
<testng-results skipped="0" failed="0" ignored="0" total="1" passed="1">
  <reporter-output>
  </reporter-output>
  <suite name="Default suite" duration-ms="17983" started-at="2020-04-29T00:06:21 EDT" finished-at="2020-04-29T00:06:39 EDT">
    <groups>
    </groups>
    <test name="Default test" duration-ms="17983" started-at="2020-04-29T00:06:21 EDT" finished-at="2020-04-29T00:06:39 EDT">
      <class name="testNGTest.VerifyRadiobutton">
        <test-method status="PASS" signature="verifyAllRadioButtons()[pri:0, instance:testNGTest.VerifyRadiobutton@5d76b067]" name="verifyAllRadioButtons" duration-ms="17900" started-at="2020-04-29T00:06:21 EDT" finished-at="2020-04-29T00:06:39 EDT">
          <reporter-output>
          </reporter-output>
        </test-method> <!-- verifyAllRadioButtons -->
      </class> <!-- testNGTest.VerifyRadiobutton -->
    </test> <!-- Default test -->
  </suite> <!-- Default suite -->
</testng-results>
