<?xml version="1.0" encoding="UTF-8"?>
<testng-results skipped="0" failed="0" ignored="0" total="1" passed="1">
  <reporter-output>
  </reporter-output>
  <suite name="Default suite" duration-ms="14212" started-at="2020-05-06T00:04:36 EDT" finished-at="2020-05-06T00:04:50 EDT">
    <groups>
    </groups>
    <test name="Default test" duration-ms="14212" started-at="2020-05-06T00:04:36 EDT" finished-at="2020-05-06T00:04:50 EDT">
      <class name="testNGTest.MouseHoverTest">
        <test-method status="PASS" signature="testMouseHover()[pri:0, instance:testNGTest.MouseHoverTest@76707e36]" name="testMouseHover" duration-ms="14117" started-at="2020-05-06T00:04:36 EDT" finished-at="2020-05-06T00:04:50 EDT">
          <reporter-output>
          </reporter-output>
        </test-method> <!-- testMouseHover -->
      </class> <!-- testNGTest.MouseHoverTest -->
    </test> <!-- Default test -->
  </suite> <!-- Default suite -->
</testng-results>
